<?xml version="1.0" encoding="UTF-8"?>
<testng-results skipped="0" failed="4" ignored="0" total="11" passed="7">
  <reporter-output>
  </reporter-output>
  <suite name="Default suite" duration-ms="258833" started-at="2018-08-10T05:23:03Z" finished-at="2018-08-10T05:27:22Z">
    <groups>
    </groups>
    <test name="Default test" duration-ms="258833" started-at="2018-08-10T05:23:03Z" finished-at="2018-08-10T05:27:22Z">
      <class name="com.katena.qa.testcases.MyAccountPageTest">
        <test-method status="PASS" signature="Setup()[pri:0, instance:com.katena.qa.testcases.MyAccountPageTest@68c4039c]" name="Setup" is-config="true" duration-ms="24324" started-at="2018-08-10T05:23:03Z" finished-at="2018-08-10T05:23:28Z">
          <reporter-output>
          </reporter-output>
        </test-method> <!-- Setup -->
        <test-method status="PASS" signature="BannerTextValidateTest()[pri:1, instance:com.katena.qa.testcases.MyAccountPageTest@68c4039c]" name="BannerTextValidateTest" duration-ms="45" started-at="2018-08-10T05:23:28Z" finished-at="2018-08-10T05:23:28Z">
          <reporter-output>
          </reporter-output>
        </test-method> <!-- BannerTextValidateTest -->
        <test-method status="PASS" signature="tearDown()[pri:0, instance:com.katena.qa.testcases.MyAccountPageTest@68c4039c]" name="tearDown" is-config="true" duration-ms="385" started-at="2018-08-10T05:23:28Z" finished-at="2018-08-10T05:23:28Z">
          <reporter-output>
          </reporter-output>
        </test-method> <!-- tearDown -->
        <test-method status="PASS" signature="Setup()[pri:0, instance:com.katena.qa.testcases.MyAccountPageTest@68c4039c]" name="Setup" is-config="true" duration-ms="22734" started-at="2018-08-10T05:23:28Z" finished-at="2018-08-10T05:23:51Z">
          <reporter-output>
          </reporter-output>
        </test-method> <!-- Setup -->
        <test-method status="FAIL" signature="MyreturnsTest()[pri:2, instance:com.katena.qa.testcases.MyAccountPageTest@68c4039c]" name="MyreturnsTest" duration-ms="4239" started-at="2018-08-10T05:23:51Z" finished-at="2018-08-10T05:23:55Z">
          <exception class="java.lang.AssertionError">
            <message>
              <![CDATA[expected [My Orders] but found [My Returns]]]>
            </message>
            <full-stacktrace>
              <![CDATA[java.lang.AssertionError: expected [My Orders] but found [My Returns]
at org.testng.Assert.fail(Assert.java:96)
at org.testng.Assert.failNotEquals(Assert.java:776)
at org.testng.Assert.assertEqualsImpl(Assert.java:137)
at org.testng.Assert.assertEquals(Assert.java:118)
at org.testng.Assert.assertEquals(Assert.java:453)
at org.testng.Assert.assertEquals(Assert.java:463)
at com.katena.qa.testcases.MyAccountPageTest.MyreturnsTest(MyAccountPageTest.java:42)
at sun.reflect.NativeMethodAccessorImpl.invoke0(Native Method)
at sun.reflect.NativeMethodAccessorImpl.invoke(Unknown Source)
at sun.reflect.DelegatingMethodAccessorImpl.invoke(Unknown Source)
at java.lang.reflect.Method.invoke(Unknown Source)
at org.testng.internal.MethodInvocationHelper.invokeMethod(MethodInvocationHelper.java:124)
at org.testng.internal.Invoker.invokeMethod(Invoker.java:583)
at org.testng.internal.Invoker.invokeTestMethod(Invoker.java:719)
at org.testng.internal.Invoker.invokeTestMethods(Invoker.java:989)
at org.testng.internal.TestMethodWorker.invokeTestMethods(TestMethodWorker.java:125)
at org.testng.internal.TestMethodWorker.run(TestMethodWorker.java:109)
at org.testng.TestRunner.privateRun(TestRunner.java:648)
at org.testng.TestRunner.run(TestRunner.java:505)
at org.testng.SuiteRunner.runTest(SuiteRunner.java:455)
at org.testng.SuiteRunner.runSequentially(SuiteRunner.java:450)
at org.testng.SuiteRunner.privateRun(SuiteRunner.java:415)
at org.testng.SuiteRunner.run(SuiteRunner.java:364)
at org.testng.SuiteRunnerWorker.runSuite(SuiteRunnerWorker.java:52)
at org.testng.SuiteRunnerWorker.run(SuiteRunnerWorker.java:84)
at org.testng.TestNG.runSuitesSequentially(TestNG.java:1208)
at org.testng.TestNG.runSuitesLocally(TestNG.java:1137)
at org.testng.TestNG.runSuites(TestNG.java:1049)
at org.testng.TestNG.run(TestNG.java:1017)
at org.testng.remote.AbstractRemoteTestNG.run(AbstractRemoteTestNG.java:114)
at org.testng.remote.RemoteTestNG.initAndRun(RemoteTestNG.java:251)
at org.testng.remote.RemoteTestNG.main(RemoteTestNG.java:77)
]]>
            </full-stacktrace>
          </exception> <!-- java.lang.AssertionError -->
          <reporter-output>
          </reporter-output>
        </test-method> <!-- MyreturnsTest -->
        <test-method status="PASS" signature="tearDown()[pri:0, instance:com.katena.qa.testcases.MyAccountPageTest@68c4039c]" name="tearDown" is-config="true" duration-ms="451" started-at="2018-08-10T05:23:55Z" finished-at="2018-08-10T05:23:55Z">
          <reporter-output>
          </reporter-output>
        </test-method> <!-- tearDown -->
        <test-method status="PASS" signature="Setup()[pri:0, instance:com.katena.qa.testcases.MyAccountPageTest@68c4039c]" name="Setup" is-config="true" duration-ms="20299" started-at="2018-08-10T05:23:55Z" finished-at="2018-08-10T05:24:16Z">
          <reporter-output>
          </reporter-output>
        </test-method> <!-- Setup -->
        <test-method status="FAIL" signature="RepairhistoryTest()[pri:3, instance:com.katena.qa.testcases.MyAccountPageTest@68c4039c]" name="RepairhistoryTest" duration-ms="4354" started-at="2018-08-10T05:24:16Z" finished-at="2018-08-10T05:24:20Z">
          <exception class="java.lang.AssertionError">
            <message>
              <![CDATA[expected [My Orders] but found [My Repair History]]]>
            </message>
            <full-stacktrace>
              <![CDATA[java.lang.AssertionError: expected [My Orders] but found [My Repair History]
at org.testng.Assert.fail(Assert.java:96)
at org.testng.Assert.failNotEquals(Assert.java:776)
at org.testng.Assert.assertEqualsImpl(Assert.java:137)
at org.testng.Assert.assertEquals(Assert.java:118)
at org.testng.Assert.assertEquals(Assert.java:453)
at org.testng.Assert.assertEquals(Assert.java:463)
at com.katena.qa.testcases.MyAccountPageTest.RepairhistoryTest(MyAccountPageTest.java:48)
at sun.reflect.NativeMethodAccessorImpl.invoke0(Native Method)
at sun.reflect.NativeMethodAccessorImpl.invoke(Unknown Source)
at sun.reflect.DelegatingMethodAccessorImpl.invoke(Unknown Source)
at java.lang.reflect.Method.invoke(Unknown Source)
at org.testng.internal.MethodInvocationHelper.invokeMethod(MethodInvocationHelper.java:124)
at org.testng.internal.Invoker.invokeMethod(Invoker.java:583)
at org.testng.internal.Invoker.invokeTestMethod(Invoker.java:719)
at org.testng.internal.Invoker.invokeTestMethods(Invoker.java:989)
at org.testng.internal.TestMethodWorker.invokeTestMethods(TestMethodWorker.java:125)
at org.testng.internal.TestMethodWorker.run(TestMethodWorker.java:109)
at org.testng.TestRunner.privateRun(TestRunner.java:648)
at org.testng.TestRunner.run(TestRunner.java:505)
at org.testng.SuiteRunner.runTest(SuiteRunner.java:455)
at org.testng.SuiteRunner.runSequentially(SuiteRunner.java:450)
at org.testng.SuiteRunner.privateRun(SuiteRunner.java:415)
at org.testng.SuiteRunner.run(SuiteRunner.java:364)
at org.testng.SuiteRunnerWorker.runSuite(SuiteRunnerWorker.java:52)
at org.testng.SuiteRunnerWorker.run(SuiteRunnerWorker.java:84)
at org.testng.TestNG.runSuitesSequentially(TestNG.java:1208)
at org.testng.TestNG.runSuitesLocally(TestNG.java:1137)
at org.testng.TestNG.runSuites(TestNG.java:1049)
at org.testng.TestNG.run(TestNG.java:1017)
at org.testng.remote.AbstractRemoteTestNG.run(AbstractRemoteTestNG.java:114)
at org.testng.remote.RemoteTestNG.initAndRun(RemoteTestNG.java:251)
at org.testng.remote.RemoteTestNG.main(RemoteTestNG.java:77)
]]>
            </full-stacktrace>
          </exception> <!-- java.lang.AssertionError -->
          <reporter-output>
          </reporter-output>
        </test-method> <!-- RepairhistoryTest -->
        <test-method status="PASS" signature="tearDown()[pri:0, instance:com.katena.qa.testcases.MyAccountPageTest@68c4039c]" name="tearDown" is-config="true" duration-ms="583" started-at="2018-08-10T05:24:20Z" finished-at="2018-08-10T05:24:21Z">
          <reporter-output>
          </reporter-output>
        </test-method> <!-- tearDown -->
        <test-method status="PASS" signature="Setup()[pri:0, instance:com.katena.qa.testcases.MyAccountPageTest@68c4039c]" name="Setup" is-config="true" duration-ms="22155" started-at="2018-08-10T05:24:21Z" finished-at="2018-08-10T05:24:43Z">
          <reporter-output>
          </reporter-output>
        </test-method> <!-- Setup -->
        <test-method status="FAIL" signature="MyQuotesTest()[pri:4, instance:com.katena.qa.testcases.MyAccountPageTest@68c4039c]" name="MyQuotesTest" duration-ms="173" started-at="2018-08-10T05:24:43Z" finished-at="2018-08-10T05:24:43Z">
          <exception class="org.openqa.selenium.WebDriverException">
            <message>
              <![CDATA[Element <a href="https://katena.p2staging.biz/quotation/quote/history/"></a> is not clickable at point (100.5, 29.399993896484375). Other element would receive the click: <img src="https://katena.p2staging.biz/pub/static/version1533823826/frontend/Katena/theme/en_US/images/logo.svg" alt="Katena Logo" height="300" width="300">
Command duration or timeout: 0 milliseconds
Build info: version: '3.13.0', revision: '2f0d292', time: '2018-06-25T15:24:21.231Z'
System info: host: 'ASHOK-L460-PC', ip: '172.16.1.141', os.name: 'Windows 10', os.arch: 'amd64', os.version: '10.0', java.version: '1.8.0_181'
Driver info: org.openqa.selenium.firefox.FirefoxDriver
Capabilities {acceptSslCerts: true, applicationCacheEnabled: true, browserName: firefox, cssSelectorsEnabled: true, databaseEnabled: true, handlesAlerts: true, javascriptEnabled: true, locationContextEnabled: true, nativeEvents: false, platform: WINDOWS, platformName: WINDOWS, rotatable: false, takesScreenshot: true, version: 46.0.1, webStorageEnabled: true}
Session ID: 436fb870-2ad0-4455-8dd4-8613d3feaf74]]>
            </message>
            <full-stacktrace>
              <![CDATA[org.openqa.selenium.WebDriverException: Element <a href="https://katena.p2staging.biz/quotation/quote/history/"></a> is not clickable at point (100.5, 29.399993896484375). Other element would receive the click: <img src="https://katena.p2staging.biz/pub/static/version1533823826/frontend/Katena/theme/en_US/images/logo.svg" alt="Katena Logo" height="300" width="300">
Command duration or timeout: 0 milliseconds
Build info: version: '3.13.0', revision: '2f0d292', time: '2018-06-25T15:24:21.231Z'
System info: host: 'ASHOK-L460-PC', ip: '172.16.1.141', os.name: 'Windows 10', os.arch: 'amd64', os.version: '10.0', java.version: '1.8.0_181'
Driver info: org.openqa.selenium.firefox.FirefoxDriver
Capabilities {acceptSslCerts: true, applicationCacheEnabled: true, browserName: firefox, cssSelectorsEnabled: true, databaseEnabled: true, handlesAlerts: true, javascriptEnabled: true, locationContextEnabled: true, nativeEvents: false, platform: WINDOWS, platformName: WINDOWS, rotatable: false, takesScreenshot: true, version: 46.0.1, webStorageEnabled: true}
Session ID: 436fb870-2ad0-4455-8dd4-8613d3feaf74
at sun.reflect.NativeConstructorAccessorImpl.newInstance0(Native Method)
at sun.reflect.NativeConstructorAccessorImpl.newInstance(Unknown Source)
at sun.reflect.DelegatingConstructorAccessorImpl.newInstance(Unknown Source)
at java.lang.reflect.Constructor.newInstance(Unknown Source)
at org.openqa.selenium.remote.ErrorHandler.createThrowable(ErrorHandler.java:214)
at org.openqa.selenium.remote.ErrorHandler.throwIfResponseFailed(ErrorHandler.java:166)
at org.openqa.selenium.remote.http.JsonHttpResponseCodec.reconstructValue(JsonHttpResponseCodec.java:40)
at org.openqa.selenium.remote.http.AbstractHttpResponseCodec.decode(AbstractHttpResponseCodec.java:80)
at org.openqa.selenium.remote.http.AbstractHttpResponseCodec.decode(AbstractHttpResponseCodec.java:44)
at org.openqa.selenium.remote.HttpCommandExecutor.execute(HttpCommandExecutor.java:158)
at org.openqa.selenium.remote.service.DriverCommandExecutor.execute(DriverCommandExecutor.java:83)
at org.openqa.selenium.remote.RemoteWebDriver.execute(RemoteWebDriver.java:548)
at org.openqa.selenium.remote.RemoteWebElement.execute(RemoteWebElement.java:276)
at org.openqa.selenium.remote.RemoteWebElement.click(RemoteWebElement.java:83)
at sun.reflect.NativeMethodAccessorImpl.invoke0(Native Method)
at sun.reflect.NativeMethodAccessorImpl.invoke(Unknown Source)
at sun.reflect.DelegatingMethodAccessorImpl.invoke(Unknown Source)
at java.lang.reflect.Method.invoke(Unknown Source)
at org.openqa.selenium.support.pagefactory.internal.LocatingElementHandler.invoke(LocatingElementHandler.java:51)
at com.sun.proxy.$Proxy9.click(Unknown Source)
at com.katena.qa.pages.Homepage.MyQuotes(Homepage.java:93)
at com.katena.qa.testcases.MyAccountPageTest.MyQuotesTest(MyAccountPageTest.java:53)
at sun.reflect.NativeMethodAccessorImpl.invoke0(Native Method)
at sun.reflect.NativeMethodAccessorImpl.invoke(Unknown Source)
at sun.reflect.DelegatingMethodAccessorImpl.invoke(Unknown Source)
at java.lang.reflect.Method.invoke(Unknown Source)
at org.testng.internal.MethodInvocationHelper.invokeMethod(MethodInvocationHelper.java:124)
at org.testng.internal.Invoker.invokeMethod(Invoker.java:583)
at org.testng.internal.Invoker.invokeTestMethod(Invoker.java:719)
at org.testng.internal.Invoker.invokeTestMethods(Invoker.java:989)
at org.testng.internal.TestMethodWorker.invokeTestMethods(TestMethodWorker.java:125)
at org.testng.internal.TestMethodWorker.run(TestMethodWorker.java:109)
at org.testng.TestRunner.privateRun(TestRunner.java:648)
at org.testng.TestRunner.run(TestRunner.java:505)
at org.testng.SuiteRunner.runTest(SuiteRunner.java:455)
at org.testng.SuiteRunner.runSequentially(SuiteRunner.java:450)
at org.testng.SuiteRunner.privateRun(SuiteRunner.java:415)
at org.testng.SuiteRunner.run(SuiteRunner.java:364)
at org.testng.SuiteRunnerWorker.runSuite(SuiteRunnerWorker.java:52)
at org.testng.SuiteRunnerWorker.run(SuiteRunnerWorker.java:84)
at org.testng.TestNG.runSuitesSequentially(TestNG.java:1208)
at org.testng.TestNG.runSuitesLocally(TestNG.java:1137)
at org.testng.TestNG.runSuites(TestNG.java:1049)
at org.testng.TestNG.run(TestNG.java:1017)
at org.testng.remote.AbstractRemoteTestNG.run(AbstractRemoteTestNG.java:114)
at org.testng.remote.RemoteTestNG.initAndRun(RemoteTestNG.java:251)
at org.testng.remote.RemoteTestNG.main(RemoteTestNG.java:77)
]]>
            </full-stacktrace>
          </exception> <!-- org.openqa.selenium.WebDriverException -->
          <reporter-output>
          </reporter-output>
        </test-method> <!-- MyQuotesTest -->
        <test-method status="PASS" signature="tearDown()[pri:0, instance:com.katena.qa.testcases.MyAccountPageTest@68c4039c]" name="tearDown" is-config="true" duration-ms="522" started-at="2018-08-10T05:24:43Z" finished-at="2018-08-10T05:24:44Z">
          <reporter-output>
          </reporter-output>
        </test-method> <!-- tearDown -->
        <test-method status="PASS" signature="Setup()[pri:0, instance:com.katena.qa.testcases.MyAccountPageTest@68c4039c]" name="Setup" is-config="true" duration-ms="20178" started-at="2018-08-10T05:24:44Z" finished-at="2018-08-10T05:25:04Z">
          <reporter-output>
          </reporter-output>
        </test-method> <!-- Setup -->
        <test-method status="PASS" signature="MyordersTest()[pri:5, instance:com.katena.qa.testcases.MyAccountPageTest@68c4039c]" name="MyordersTest" duration-ms="3332" started-at="2018-08-10T05:25:04Z" finished-at="2018-08-10T05:25:07Z">
          <reporter-output>
          </reporter-output>
        </test-method> <!-- MyordersTest -->
        <test-method status="PASS" signature="tearDown()[pri:0, instance:com.katena.qa.testcases.MyAccountPageTest@68c4039c]" name="tearDown" is-config="true" duration-ms="976" started-at="2018-08-10T05:25:07Z" finished-at="2018-08-10T05:25:08Z">
          <reporter-output>
          </reporter-output>
        </test-method> <!-- tearDown -->
        <test-method status="PASS" signature="Setup()[pri:0, instance:com.katena.qa.testcases.MyAccountPageTest@68c4039c]" name="Setup" is-config="true" duration-ms="17626" started-at="2018-08-10T05:25:08Z" finished-at="2018-08-10T05:25:26Z">
          <reporter-output>
          </reporter-output>
        </test-method> <!-- Setup -->
        <test-method status="PASS" signature="AddressbookTest()[pri:6, instance:com.katena.qa.testcases.MyAccountPageTest@68c4039c]" name="AddressbookTest" duration-ms="3354" started-at="2018-08-10T05:25:26Z" finished-at="2018-08-10T05:25:29Z">
          <reporter-output>
          </reporter-output>
        </test-method> <!-- AddressbookTest -->
        <test-method status="PASS" signature="tearDown()[pri:0, instance:com.katena.qa.testcases.MyAccountPageTest@68c4039c]" name="tearDown" is-config="true" duration-ms="396" started-at="2018-08-10T05:25:29Z" finished-at="2018-08-10T05:25:29Z">
          <reporter-output>
          </reporter-output>
        </test-method> <!-- tearDown -->
        <test-method status="PASS" signature="Setup()[pri:0, instance:com.katena.qa.testcases.MyAccountPageTest@68c4039c]" name="Setup" is-config="true" duration-ms="18033" started-at="2018-08-10T05:25:29Z" finished-at="2018-08-10T05:25:47Z">
          <reporter-output>
          </reporter-output>
        </test-method> <!-- Setup -->
        <test-method status="PASS" signature="AccountinformationTest()[pri:7, instance:com.katena.qa.testcases.MyAccountPageTest@68c4039c]" name="AccountinformationTest" duration-ms="3753" started-at="2018-08-10T05:25:47Z" finished-at="2018-08-10T05:25:51Z">
          <reporter-output>
          </reporter-output>
        </test-method> <!-- AccountinformationTest -->
        <test-method status="PASS" signature="tearDown()[pri:0, instance:com.katena.qa.testcases.MyAccountPageTest@68c4039c]" name="tearDown" is-config="true" duration-ms="379" started-at="2018-08-10T05:25:51Z" finished-at="2018-08-10T05:25:52Z">
          <reporter-output>
          </reporter-output>
        </test-method> <!-- tearDown -->
        <test-method status="PASS" signature="Setup()[pri:0, instance:com.katena.qa.testcases.MyAccountPageTest@68c4039c]" name="Setup" is-config="true" duration-ms="17905" started-at="2018-08-10T05:25:52Z" finished-at="2018-08-10T05:26:09Z">
          <reporter-output>
          </reporter-output>
        </test-method> <!-- Setup -->
        <test-method status="PASS" signature="NewslettersubscriptionTest()[pri:8, instance:com.katena.qa.testcases.MyAccountPageTest@68c4039c]" name="NewslettersubscriptionTest" duration-ms="3620" started-at="2018-08-10T05:26:09Z" finished-at="2018-08-10T05:26:13Z">
          <reporter-output>
          </reporter-output>
        </test-method> <!-- NewslettersubscriptionTest -->
        <test-method status="PASS" signature="tearDown()[pri:0, instance:com.katena.qa.testcases.MyAccountPageTest@68c4039c]" name="tearDown" is-config="true" duration-ms="384" started-at="2018-08-10T05:26:13Z" finished-at="2018-08-10T05:26:13Z">
          <reporter-output>
          </reporter-output>
        </test-method> <!-- tearDown -->
        <test-method status="PASS" signature="Setup()[pri:0, instance:com.katena.qa.testcases.MyAccountPageTest@68c4039c]" name="Setup" is-config="true" duration-ms="17951" started-at="2018-08-10T05:26:13Z" finished-at="2018-08-10T05:26:31Z">
          <reporter-output>
          </reporter-output>
        </test-method> <!-- Setup -->
        <test-method status="PASS" signature="EditcontactinformationbtnTest()[pri:9, instance:com.katena.qa.testcases.MyAccountPageTest@68c4039c]" name="EditcontactinformationbtnTest" duration-ms="4390" started-at="2018-08-10T05:26:31Z" finished-at="2018-08-10T05:26:36Z">
          <reporter-output>
          </reporter-output>
        </test-method> <!-- EditcontactinformationbtnTest -->
        <test-method status="PASS" signature="tearDown()[pri:0, instance:com.katena.qa.testcases.MyAccountPageTest@68c4039c]" name="tearDown" is-config="true" duration-ms="371" started-at="2018-08-10T05:26:36Z" finished-at="2018-08-10T05:26:36Z">
          <reporter-output>
          </reporter-output>
        </test-method> <!-- tearDown -->
        <test-method status="PASS" signature="Setup()[pri:0, instance:com.katena.qa.testcases.MyAccountPageTest@68c4039c]" name="Setup" is-config="true" duration-ms="18028" started-at="2018-08-10T05:26:36Z" finished-at="2018-08-10T05:26:54Z">
          <reporter-output>
          </reporter-output>
        </test-method> <!-- Setup -->
        <test-method status="FAIL" signature="ChangepasswordbtnTest()[pri:10, instance:com.katena.qa.testcases.MyAccountPageTest@68c4039c]" name="ChangepasswordbtnTest" duration-ms="4263" started-at="2018-08-10T05:26:54Z" finished-at="2018-08-10T05:26:58Z">
          <exception class="java.lang.AssertionError">
            <message>
              <![CDATA[expected [Account Information] but found [Change Password]]]>
            </message>
            <full-stacktrace>
              <![CDATA[java.lang.AssertionError: expected [Account Information] but found [Change Password]
at org.testng.Assert.fail(Assert.java:96)
at org.testng.Assert.failNotEquals(Assert.java:776)
at org.testng.Assert.assertEqualsImpl(Assert.java:137)
at org.testng.Assert.assertEquals(Assert.java:118)
at org.testng.Assert.assertEquals(Assert.java:453)
at org.testng.Assert.assertEquals(Assert.java:463)
at com.katena.qa.testcases.MyAccountPageTest.ChangepasswordbtnTest(MyAccountPageTest.java:90)
at sun.reflect.NativeMethodAccessorImpl.invoke0(Native Method)
at sun.reflect.NativeMethodAccessorImpl.invoke(Unknown Source)
at sun.reflect.DelegatingMethodAccessorImpl.invoke(Unknown Source)
at java.lang.reflect.Method.invoke(Unknown Source)
at org.testng.internal.MethodInvocationHelper.invokeMethod(MethodInvocationHelper.java:124)
at org.testng.internal.Invoker.invokeMethod(Invoker.java:583)
at org.testng.internal.Invoker.invokeTestMethod(Invoker.java:719)
at org.testng.internal.Invoker.invokeTestMethods(Invoker.java:989)
at org.testng.internal.TestMethodWorker.invokeTestMethods(TestMethodWorker.java:125)
at org.testng.internal.TestMethodWorker.run(TestMethodWorker.java:109)
at org.testng.TestRunner.privateRun(TestRunner.java:648)
at org.testng.TestRunner.run(TestRunner.java:505)
at org.testng.SuiteRunner.runTest(SuiteRunner.java:455)
at org.testng.SuiteRunner.runSequentially(SuiteRunner.java:450)
at org.testng.SuiteRunner.privateRun(SuiteRunner.java:415)
at org.testng.SuiteRunner.run(SuiteRunner.java:364)
at org.testng.SuiteRunnerWorker.runSuite(SuiteRunnerWorker.java:52)
at org.testng.SuiteRunnerWorker.run(SuiteRunnerWorker.java:84)
at org.testng.TestNG.runSuitesSequentially(TestNG.java:1208)
at org.testng.TestNG.runSuitesLocally(TestNG.java:1137)
at org.testng.TestNG.runSuites(TestNG.java:1049)
at org.testng.TestNG.run(TestNG.java:1017)
at org.testng.remote.AbstractRemoteTestNG.run(AbstractRemoteTestNG.java:114)
at org.testng.remote.RemoteTestNG.initAndRun(RemoteTestNG.java:251)
at org.testng.remote.RemoteTestNG.main(RemoteTestNG.java:77)
]]>
            </full-stacktrace>
          </exception> <!-- java.lang.AssertionError -->
          <reporter-output>
          </reporter-output>
        </test-method> <!-- ChangepasswordbtnTest -->
        <test-method status="PASS" signature="tearDown()[pri:0, instance:com.katena.qa.testcases.MyAccountPageTest@68c4039c]" name="tearDown" is-config="true" duration-ms="395" started-at="2018-08-10T05:26:58Z" finished-at="2018-08-10T05:26:59Z">
          <reporter-output>
          </reporter-output>
        </test-method> <!-- tearDown -->
        <test-method status="PASS" signature="Setup()[pri:0, instance:com.katena.qa.testcases.MyAccountPageTest@68c4039c]" name="Setup" is-config="true" duration-ms="19081" started-at="2018-08-10T05:26:59Z" finished-at="2018-08-10T05:27:18Z">
          <reporter-output>
          </reporter-output>
        </test-method> <!-- Setup -->
        <test-method status="PASS" signature="EditnewsletterbtnTest()[pri:11, instance:com.katena.qa.testcases.MyAccountPageTest@68c4039c]" name="EditnewsletterbtnTest" duration-ms="3645" started-at="2018-08-10T05:27:18Z" finished-at="2018-08-10T05:27:22Z">
          <reporter-output>
          </reporter-output>
        </test-method> <!-- EditnewsletterbtnTest -->
        <test-method status="PASS" signature="tearDown()[pri:0, instance:com.katena.qa.testcases.MyAccountPageTest@68c4039c]" name="tearDown" is-config="true" duration-ms="440" started-at="2018-08-10T05:27:22Z" finished-at="2018-08-10T05:27:22Z">
          <reporter-output>
          </reporter-output>
        </test-method> <!-- tearDown -->
      </class> <!-- com.katena.qa.testcases.MyAccountPageTest -->
    </test> <!-- Default test -->
  </suite> <!-- Default suite -->
</testng-results>
